-------------------------------------------------------------------------------
Test set: ua.testing.demo_jpa.DemoJpaApplicationTests
-------------------------------------------------------------------------------
Tests run: 1, Failures: 0, Errors: 1, Skipped: 0, Time elapsed: 1.946 s <<< FAILURE! - in ua.testing.demo_jpa.DemoJpaApplicationTests
contextLoads(ua.testing.demo_jpa.DemoJpaApplicationTests)  Time elapsed: 0.004 s  <<< ERROR!
java.lang.IllegalStateException: Failed to load ApplicationContext
Caused by: java.lang.IllegalStateException: The Java Virtual Machine has not been configured to use the desired default character encoding (UTF-8).

